2026-02-09 20:37:41,411 [INFO] MusicEngine: Motor de audio inicializado correctamente.
2026-02-09 20:37:42,720 [INFO] MusicEngine: Iniciando generación: techno | 60s
2026-02-09 20:37:42,728 [ERROR] MusicEngine: Error generando música:
Traceback (most recent call last):
  File "C:\Users\victu\Documents\Juegos\Míos\music_maker\core\main.py", line 61, in generate_music
    audio_data = self.arranger.compose(style, duration)
  File "C:\Users\victu\Documents\Juegos\Míos\music_maker\compositor\arranger.py", line 28, in compose
    full_song.append(self._generate_unique_bar(style, section, step_dur, bar_idx, total_bars, bar_len))
                     ^^^^^^^^^^^^^^^^^^^^^^^^^
AttributeError: 'Arranger' object has no attribute '_generate_unique_bar'

2026-02-09 20:38:12,654 [INFO] MusicEngine: Motor de audio inicializado correctamente.
2026-02-09 20:38:13,742 [INFO] MusicEngine: Iniciando generación: techno | 60s
2026-02-09 20:38:14,402 [INFO] MusicEngine: Track generado con éxito: exports/techno_track_3604.wav
2026-02-09 20:38:17,524 [INFO] MusicEngine: Iniciando generación: brostep | 60s
2026-02-09 20:38:18,168 [INFO] MusicEngine: Track generado con éxito: exports/brostep_track_9058.wav
2026-02-09 20:41:57,636 [INFO] MusicEngine: Motor de audio inicializado correctamente.
2026-02-09 20:42:00,954 [INFO] MusicEngine: Iniciando generación: trance | 60s
2026-02-09 20:42:01,570 [INFO] MusicEngine: Track generado con éxito: exports/trance_track_3933.wav
2026-02-09 20:42:05,940 [INFO] MusicEngine: Iniciando generación: dubstep | 108s
2026-02-09 20:42:07,162 [INFO] MusicEngine: Track generado con éxito: exports/dubstep_track_9760.wav
